<?xml version="1.0" encoding="UTF-8"?>
<!-- Generated by org.testng.reporters.JUnitReportReporter -->
<testsuite hostname="LucasCoanPC" failures="0" tests="3" name="restApiTest" time="2.775" errors="0" timestamp="2024-03-29T09:44:59 BRT" skipped="0">
  <testcase classname="restApiTest" name="RequestGet" time="1.715"/>
  <testcase classname="restApiTest" name="RequestPut" time="0.515"/>
  <testcase classname="restApiTest" name="RequestPost" time="0.545"/>
</testsuite> <!-- restApiTest -->
